<?xml version="1.0" encoding="UTF-8"?>
<testng-results skipped="0" failed="0" total="3" passed="3">
  <reporter-output>
  </reporter-output>
  <suite name="Suite" duration-ms="148024" started-at="2015-06-24T05:16:22Z" finished-at="2015-06-24T05:18:50Z">
    <groups>
      <group name="Regression">
        <method signature="NavHomePage.Homepage()[pri:0, instance:locators.NavHomePage@3b887b2]" name="Homepage" class="locators.NavHomePage"/>
        <method signature="SelectBus.Bus()[pri:0, instance:locators.SelectBus@65a45a7f]" name="Bus" class="locators.SelectBus"/>
      </group> <!-- Regression -->
      <group name="Sanity">
        <method signature="EnterUserDetails.UserDetails()[pri:0, instance:locators.EnterUserDetails@9317bfb]" name="UserDetails" class="locators.EnterUserDetails"/>
        <method signature="NavHomePage.Homepage()[pri:0, instance:locators.NavHomePage@3b887b2]" name="Homepage" class="locators.NavHomePage"/>
        <method signature="SelectBus.Bus()[pri:0, instance:locators.SelectBus@65a45a7f]" name="Bus" class="locators.SelectBus"/>
      </group> <!-- Sanity -->
    </groups>
    <test name="Test" duration-ms="148024" started-at="2015-06-24T05:16:22Z" finished-at="2015-06-24T05:18:50Z">
      <class name="locators.NavHomePage">
        <test-method status="PASS" signature="Homepage()[pri:0, instance:locators.NavHomePage@3b887b2]" name="Homepage" duration-ms="126634" started-at="2015-06-24T10:46:27Z" finished-at="2015-06-24T10:48:34Z">
          <reporter-output>
          </reporter-output>
        </test-method> <!-- Homepage -->
      </class> <!-- locators.NavHomePage -->
      <class name="locators.LoginPage">
        <test-method status="PASS" signature="openbrowser()[pri:0, instance:locators.LoginPage@556e4ff1]" name="openbrowser" is-config="true" duration-ms="4981" started-at="2015-06-24T10:46:22Z" finished-at="2015-06-24T10:46:27Z">
          <reporter-output>
          </reporter-output>
        </test-method> <!-- openbrowser -->
      </class> <!-- locators.LoginPage -->
      <class name="locators.EnterUserDetails">
        <test-method status="PASS" signature="UserDetails()[pri:0, instance:locators.EnterUserDetails@9317bfb]" name="UserDetails" duration-ms="5557" started-at="2015-06-24T10:48:45Z" finished-at="2015-06-24T10:48:50Z">
          <reporter-output>
          </reporter-output>
        </test-method> <!-- UserDetails -->
      </class> <!-- locators.EnterUserDetails -->
      <class name="locators.SelectBus">
        <test-method status="PASS" signature="Bus()[pri:0, instance:locators.SelectBus@65a45a7f]" name="Bus" duration-ms="10831" started-at="2015-06-24T10:48:34Z" finished-at="2015-06-24T10:48:45Z">
          <reporter-output>
          </reporter-output>
        </test-method> <!-- Bus -->
      </class> <!-- locators.SelectBus -->
    </test> <!-- Test -->
  </suite> <!-- Suite -->
</testng-results>
